<?xml version="1.0" encoding="UTF-8"?>
<coverage generated="1574434875755" clover="3.2.0">
  <project timestamp="1574434875755" name="All files">
    <metrics statements="2" coveredstatements="2" conditionals="0" coveredconditionals="0" methods="2" coveredmethods="2" elements="4" coveredelements="4" complexity="0" loc="2" ncloc="2" packages="1" files="1" classes="1"/>
    <file name="math.js" path="D:\技术 教程2020\react\class：372  前端要学的测试课 从Jest入门到TDD BDD双实战\资料\test-code\src\math.js">
      <metrics statements="2" coveredstatements="2" conditionals="0" coveredconditionals="0" methods="2" coveredmethods="2"/>
      <line num="2" count="1" type="stmt"/>
      <line num="6" count="1" type="stmt"/>
    </file>
  </project>
</coverage>
