{"D:\\技术 教程2020\\react\\class：372  前端要学的测试课 从Jest入门到TDD BDD双实战\\资料\\test-code\\src\\math.js": {"path":"D:\\技术 教程2020\\react\\class：372  前端要学的测试课 从Jest入门到TDD BDD双实战\\资料\\test-code\\src\\math.js","statementMap":{"0":{"start":{"line":2,"column":4},"end":{"line":2,"column":17}},"1":{"start":{"line":6,"column":4},"end":{"line":6,"column":17}}},"fnMap":{"0":{"name":"add","decl":{"start":{"line":1,"column":16},"end":{"line":1,"column":19}},"loc":{"start":{"line":1,"column":26},"end":{"line":3,"column":1}},"line":1},"1":{"name":"minus","decl":{"start":{"line":5,"column":16},"end":{"line":5,"column":21}},"loc":{"start":{"line":5,"column":28},"end":{"line":7,"column":1}},"line":5}},"branchMap":{},"s":{"0":1,"1":1},"f":{"0":1,"1":1},"b":{},"_coverageSchema":"43e27e138ebf9cfc5966b082cf9a028302ed4184","hash":"f4ff05aa319ac15006d0df0db5758782447096bb"}
}
