{"C:\\Users\\ShenBao\\Desktop\\jest-react\\src\\App.js": {"path":"C:\\Users\\ShenBao\\Desktop\\jest-react\\src\\App.js","statementMap":{"0":{"start":{"line":7,"column":2},"end":{"line":11,"column":4}}},"fnMap":{"0":{"name":"App","decl":{"start":{"line":6,"column":9},"end":{"line":6,"column":12}},"loc":{"start":{"line":6,"column":15},"end":{"line":12,"column":1}},"line":6}},"branchMap":{},"s":{"0":0},"f":{"0":0},"b":{},"hash":"8b2e723f98d7a2c720fc3ba3c142544887746a16"}
,"C:\\Users\\ShenBao\\Desktop\\jest-react\\src\\index.js": {"path":"C:\\Users\\ShenBao\\Desktop\\jest-react\\src\\index.js","statementMap":{"0":{"start":{"line":6,"column":0},"end":{"line":6,"column":58}}},"fnMap":{},"branchMap":{},"s":{"0":0},"f":{},"b":{},"hash":"0cace43a699851608fa80f59d659ab9112825e65"}
,"C:\\Users\\ShenBao\\Desktop\\jest-react\\src\\containers\\ToDoList\\index.js": {"path":"C:\\Users\\ShenBao\\Desktop\\jest-react\\src\\containers\\ToDoList\\index.js","statementMap":{"0":{"start":{"line":10,"column":8},"end":{"line":10,"column":21}},"1":{"start":{"line":11,"column":8},"end":{"line":11,"column":55}},"2":{"start":{"line":12,"column":8},"end":{"line":12,"column":53}},"3":{"start":{"line":14,"column":8},"end":{"line":16,"column":10}},"4":{"start":{"line":20,"column":8},"end":{"line":22,"column":10}},"5":{"start":{"line":26,"column":24},"end":{"line":26,"column":48}},"6":{"start":{"line":27,"column":8},"end":{"line":27,"column":33}},"7":{"start":{"line":28,"column":8},"end":{"line":30,"column":11}},"8":{"start":{"line":34,"column":29},"end":{"line":34,"column":39}},"9":{"start":{"line":35,"column":8},"end":{"line":41,"column":14}}},"fnMap":{"0":{"name":"(anonymous_0)","decl":{"start":{"line":9,"column":4},"end":{"line":9,"column":5}},"loc":{"start":{"line":9,"column":23},"end":{"line":17,"column":5}},"line":9},"1":{"name":"(anonymous_1)","decl":{"start":{"line":19,"column":4},"end":{"line":19,"column":5}},"loc":{"start":{"line":19,"column":23},"end":{"line":23,"column":5}},"line":19},"2":{"name":"(anonymous_2)","decl":{"start":{"line":25,"column":4},"end":{"line":25,"column":5}},"loc":{"start":{"line":25,"column":22},"end":{"line":31,"column":5}},"line":25},"3":{"name":"(anonymous_3)","decl":{"start":{"line":33,"column":4},"end":{"line":33,"column":5}},"loc":{"start":{"line":33,"column":13},"end":{"line":42,"column":5}},"line":33}},"branchMap":{},"s":{"0":5,"1":5,"2":5,"3":5,"4":2,"5":1,"6":1,"7":1,"8":9,"9":9},"f":{"0":5,"1":2,"2":1,"3":9},"b":{},"_coverageSchema":"43e27e138ebf9cfc5966b082cf9a028302ed4184","hash":"4c31a324dfc07d10c7f48523c6d25d0ec14d1945"}
,"C:\\Users\\ShenBao\\Desktop\\jest-react\\src\\containers\\ToDoList\\components\\Header.js": {"path":"C:\\Users\\ShenBao\\Desktop\\jest-react\\src\\containers\\ToDoList\\components\\Header.js","statementMap":{"0":{"start":{"line":6,"column":8},"end":{"line":6,"column":21}},"1":{"start":{"line":7,"column":8},"end":{"line":7,"column":67}},"2":{"start":{"line":8,"column":8},"end":{"line":8,"column":65}},"3":{"start":{"line":10,"column":8},"end":{"line":12,"column":10}},"4":{"start":{"line":16,"column":8},"end":{"line":18,"column":10}},"5":{"start":{"line":22,"column":26},"end":{"line":22,"column":36}},"6":{"start":{"line":23,"column":8},"end":{"line":28,"column":9}},"7":{"start":{"line":24,"column":12},"end":{"line":24,"column":42}},"8":{"start":{"line":25,"column":12},"end":{"line":27,"column":14}},"9":{"start":{"line":32,"column":26},"end":{"line":32,"column":36}},"10":{"start":{"line":33,"column":8},"end":{"line":41,"column":14}}},"fnMap":{"0":{"name":"(anonymous_0)","decl":{"start":{"line":5,"column":4},"end":{"line":5,"column":5}},"loc":{"start":{"line":5,"column":23},"end":{"line":13,"column":5}},"line":5},"1":{"name":"(anonymous_1)","decl":{"start":{"line":15,"column":4},"end":{"line":15,"column":5}},"loc":{"start":{"line":15,"column":25},"end":{"line":19,"column":5}},"line":15},"2":{"name":"(anonymous_2)","decl":{"start":{"line":21,"column":4},"end":{"line":21,"column":5}},"loc":{"start":{"line":21,"column":24},"end":{"line":29,"column":5}},"line":21},"3":{"name":"(anonymous_3)","decl":{"start":{"line":31,"column":4},"end":{"line":31,"column":5}},"loc":{"start":{"line":31,"column":13},"end":{"line":42,"column":5}},"line":31}},"branchMap":{"0":{"loc":{"start":{"line":23,"column":8},"end":{"line":28,"column":9}},"type":"if","locations":[{"start":{"line":23,"column":8},"end":{"line":28,"column":9}},{"start":{"line":23,"column":8},"end":{"line":28,"column":9}}],"line":23},"1":{"loc":{"start":{"line":23,"column":12},"end":{"line":23,"column":37}},"type":"binary-expr","locations":[{"start":{"line":23,"column":12},"end":{"line":23,"column":28}},{"start":{"line":23,"column":32},"end":{"line":23,"column":37}}],"line":23}},"s":{"0":7,"1":7,"2":7,"3":7,"4":1,"5":3,"6":3,"7":2,"8":2,"9":13,"10":13},"f":{"0":7,"1":1,"2":3,"3":13},"b":{"0":[2,1],"1":[3,3]},"_coverageSchema":"43e27e138ebf9cfc5966b082cf9a028302ed4184","hash":"013f51ef28591fd4b9b0ebdfb2430c16676d051d"}
,"C:\\Users\\ShenBao\\Desktop\\jest-react\\src\\containers\\ToDoList\\components\\UndoList.js": {"path":"C:\\Users\\ShenBao\\Desktop\\jest-react\\src\\containers\\ToDoList\\components\\UndoList.js","statementMap":{"0":{"start":{"line":6,"column":8},"end":{"line":6,"column":21}},"1":{"start":{"line":10,"column":37},"end":{"line":10,"column":47}},"2":{"start":{"line":11,"column":8},"end":{"line":37,"column":9}},"3":{"start":{"line":17,"column":28},"end":{"line":32,"column":29}},"4":{"start":{"line":27,"column":44},"end":{"line":27,"column":69}},"5":{"start":{"line":28,"column":44},"end":{"line":28,"column":62}}},"fnMap":{"0":{"name":"(anonymous_0)","decl":{"start":{"line":5,"column":4},"end":{"line":5,"column":5}},"loc":{"start":{"line":5,"column":23},"end":{"line":7,"column":5}},"line":5},"1":{"name":"(anonymous_1)","decl":{"start":{"line":9,"column":4},"end":{"line":9,"column":5}},"loc":{"start":{"line":9,"column":13},"end":{"line":38,"column":5}},"line":9},"2":{"name":"(anonymous_2)","decl":{"start":{"line":16,"column":33},"end":{"line":16,"column":34}},"loc":{"start":{"line":16,"column":50},"end":{"line":33,"column":25}},"line":16},"3":{"name":"(anonymous_3)","decl":{"start":{"line":26,"column":49},"end":{"line":26,"column":50}},"loc":{"start":{"line":26,"column":56},"end":{"line":29,"column":41}},"line":26}},"branchMap":{"0":{"loc":{"start":{"line":27,"column":44},"end":{"line":27,"column":68}},"type":"binary-expr","locations":[{"start":{"line":27,"column":44},"end":{"line":27,"column":45}},{"start":{"line":27,"column":49},"end":{"line":27,"column":68}}],"line":27}},"s":{"0":4,"1":4,"2":4,"3":9,"4":1,"5":1},"f":{"0":4,"1":4,"2":9,"3":1},"b":{"0":[1,0]},"_coverageSchema":"43e27e138ebf9cfc5966b082cf9a028302ed4184","hash":"78b742d250cfac1469dac21102d7e04a9a9044e6"}
,"C:\\Users\\ShenBao\\Desktop\\jest-react\\src\\utils\\testUtils.js": {"path":"C:\\Users\\ShenBao\\Desktop\\jest-react\\src\\utils\\testUtils.js","statementMap":{"0":{"start":{"line":1,"column":31},"end":{"line":3,"column":1}},"1":{"start":{"line":2,"column":4},"end":{"line":2,"column":47}}},"fnMap":{"0":{"name":"(anonymous_0)","decl":{"start":{"line":1,"column":31},"end":{"line":1,"column":32}},"loc":{"start":{"line":1,"column":49},"end":{"line":3,"column":1}},"line":1}},"branchMap":{},"s":{"0":2,"1":13},"f":{"0":13},"b":{},"_coverageSchema":"43e27e138ebf9cfc5966b082cf9a028302ed4184","hash":"2a25bd39528a6e4414357581f708d43c977884c9"}
}
