TN:
SF:C:\Users\ShenBao\Desktop\jest-react\src\App.js
FN:6,App
FNF:1
FNH:0
FNDA:0,App
DA:7,0
LF:1
LH:0
BRF:0
BRH:0
end_of_record
TN:
SF:C:\Users\ShenBao\Desktop\jest-react\src\index.js
FNF:0
FNH:0
DA:6,0
LF:1
LH:0
BRF:0
BRH:0
end_of_record
TN:
SF:C:\Users\ShenBao\Desktop\jest-react\src\containers\ToDoList\index.js
FN:9,(anonymous_0)
FN:19,(anonymous_1)
FN:25,(anonymous_2)
FN:33,(anonymous_3)
FNF:4
FNH:4
FNDA:5,(anonymous_0)
FNDA:2,(anonymous_1)
FNDA:1,(anonymous_2)
FNDA:9,(anonymous_3)
DA:10,5
DA:11,5
DA:12,5
DA:14,5
DA:20,2
DA:26,1
DA:27,1
DA:28,1
DA:34,9
DA:35,9
LF:10
LH:10
BRF:0
BRH:0
end_of_record
TN:
SF:C:\Users\ShenBao\Desktop\jest-react\src\containers\ToDoList\components\Header.js
FN:5,(anonymous_0)
FN:15,(anonymous_1)
FN:21,(anonymous_2)
FN:31,(anonymous_3)
FNF:4
FNH:4
FNDA:7,(anonymous_0)
FNDA:1,(anonymous_1)
FNDA:3,(anonymous_2)
FNDA:13,(anonymous_3)
DA:6,7
DA:7,7
DA:8,7
DA:10,7
DA:16,1
DA:22,3
DA:23,3
DA:24,2
DA:25,2
DA:32,13
DA:33,13
LF:11
LH:11
BRDA:23,0,0,2
BRDA:23,0,1,1
BRDA:23,1,0,3
BRDA:23,1,1,3
BRF:4
BRH:4
end_of_record
TN:
SF:C:\Users\ShenBao\Desktop\jest-react\src\containers\ToDoList\components\UndoList.js
FN:5,(anonymous_0)
FN:9,(anonymous_1)
FN:16,(anonymous_2)
FN:26,(anonymous_3)
FNF:4
FNH:4
FNDA:4,(anonymous_0)
FNDA:4,(anonymous_1)
FNDA:9,(anonymous_2)
FNDA:1,(anonymous_3)
DA:6,4
DA:10,4
DA:11,4
DA:17,9
DA:27,1
DA:28,1
LF:6
LH:6
BRDA:27,0,0,1
BRDA:27,0,1,0
BRF:2
BRH:1
end_of_record
TN:
SF:C:\Users\ShenBao\Desktop\jest-react\src\utils\testUtils.js
FN:1,(anonymous_0)
FNF:1
FNH:1
FNDA:13,(anonymous_0)
DA:1,2
DA:2,13
LF:2
LH:2
BRF:0
BRH:0
end_of_record
